INFO:  latexindent version 4.0.1, 2026-05-04, a script to indent .tex files
       latexindent lives here: /usr/local/texlive/2026/texmf-dist/scripts/latexindent/
       Sun Jun  7 18:53:35 2026
       Filename: /home/wei/forgraduation/notes/nonlinear_optics/__latexindent_temp_nonlinear_optics.tex
INFO:  Processing switches:
       -y|--yaml: YAML settings specified via command line
       -c|--cruft: cruft directory
INFO:  Directory for backup files and log file /home/wei/forgraduation/notes/nonlinear_optics/latex-universal-template/indent.log:
       /home/wei/forgraduation/notes/nonlinear_optics/latex-universal-template/
INFO:  YAML settings read: defaultSettings.yaml
       Reading defaultSettings.yaml from /usr/local/texlive/2026/texmf-dist/scripts/latexindent/defaultSettings.yaml
INFO:  YAML reading settings
       Home directory is /home/wei
       latexindent.pl didn't find indentconfig.yaml or .indentconfig.yaml
       see all possible locations: https://latexindentpl.readthedocs.io/en/latest/sec-appendices.html#indentconfig-options
INFO:  YAML settings read: -y switch
       YAML setting: defaultIndent:'  '
       single-quoted string found in -y switch: '  ', substitute to   
       Updating mainSetting with defaultIndent:   
INFO:  Output routine:
       Not outputting to file; see -w and -o switches for more options.
       --------------
INFO:  Please direct all communication/issues to:
       https://github.com/cmhughes/latexindent.pl
       documentation: https://latexindentpl.readthedocs.io/en/latest/
